<?xml version="1.0" encoding="UTF-8"?>
<coverage generated="1636722901794" clover="3.2.0">
  <project timestamp="1636722901794" name="All files">
    <metrics statements="33" coveredstatements="33" conditionals="8" coveredconditionals="8" methods="10" coveredmethods="10" elements="51" coveredelements="51" complexity="0" loc="33" ncloc="33" packages="1" files="2" classes="2"/>
    <file name="gameboard.js" path="/home/juli/battleship/src/gameboard.js">
      <metrics statements="21" coveredstatements="21" conditionals="6" coveredconditionals="6" methods="6" coveredmethods="6"/>
      <line num="1" count="1" type="stmt"/>
      <line num="2" count="22" type="stmt"/>
      <line num="4" count="1" type="stmt"/>
      <line num="5" count="4" type="stmt"/>
      <line num="6" count="4" type="stmt"/>
      <line num="7" count="8" type="cond" truecount="2" falsecount="0"/>
      <line num="8" count="1" type="stmt"/>
      <line num="11" count="4" type="stmt"/>
      <line num="13" count="1" type="stmt"/>
      <line num="16" count="1" type="stmt"/>
      <line num="17" count="1" type="stmt"/>
      <line num="19" count="1" type="stmt"/>
      <line num="20" count="1" type="stmt"/>
      <line num="22" count="1" type="stmt"/>
      <line num="23" count="4" type="cond" truecount="2" falsecount="0"/>
      <line num="24" count="3" type="stmt"/>
      <line num="25" count="6" type="stmt"/>
      <line num="30" count="1" type="stmt"/>
      <line num="31" count="5" type="cond" truecount="2" falsecount="0"/>
      <line num="32" count="3" type="stmt"/>
      <line num="36" count="1" type="stmt"/>
    </file>
    <file name="ship.js" path="/home/juli/battleship/src/ship.js">
      <metrics statements="12" coveredstatements="12" conditionals="2" coveredconditionals="2" methods="4" coveredmethods="4"/>
      <line num="1" count="1" type="stmt"/>
      <line num="2" count="4" type="stmt"/>
      <line num="3" count="4" type="stmt"/>
      <line num="4" count="8" type="stmt"/>
      <line num="6" count="4" type="stmt"/>
      <line num="7" count="3" type="stmt"/>
      <line num="10" count="5" type="stmt"/>
      <line num="12" count="4" type="stmt"/>
      <line num="13" count="3" type="cond" truecount="2" falsecount="0"/>
      <line num="14" count="1" type="stmt"/>
      <line num="16" count="2" type="stmt"/>
      <line num="18" count="4" type="stmt"/>
    </file>
  </project>
</coverage>
