{"/home/juli/battleship/src/gameboard.js": {"path":"/home/juli/battleship/src/gameboard.js","statementMap":{"0":{"start":{"line":1,"column":22},"end":{"line":14,"column":4}},"1":{"start":{"line":2,"column":23},"end":{"line":2,"column":69}},"2":{"start":{"line":2,"column":41},"end":{"line":2,"column":69}},"3":{"start":{"line":4,"column":29},"end":{"line":12,"column":3}},"4":{"start":{"line":5,"column":20},"end":{"line":5,"column":24}},"5":{"start":{"line":6,"column":4},"end":{"line":10,"column":5}},"6":{"start":{"line":6,"column":17},"end":{"line":6,"column":18}},"7":{"start":{"line":7,"column":6},"end":{"line":9,"column":7}},"8":{"start":{"line":8,"column":8},"end":{"line":8,"column":26}},"9":{"start":{"line":11,"column":4},"end":{"line":11,"column":21}},"10":{"start":{"line":13,"column":2},"end":{"line":13,"column":46}},"11":{"start":{"line":16,"column":25},"end":{"line":60,"column":1}},"12":{"start":{"line":17,"column":16},"end":{"line":17,"column":35}},"13":{"start":{"line":18,"column":20},"end":{"line":18,"column":22}},"14":{"start":{"line":20,"column":27},"end":{"line":20,"column":40}},"15":{"start":{"line":21,"column":33},"end":{"line":21,"column":46}},"16":{"start":{"line":23,"column":18},"end":{"line":33,"column":3}},"17":{"start":{"line":24,"column":18},"end":{"line":24,"column":44}},"18":{"start":{"line":25,"column":4},"end":{"line":32,"column":5}},"19":{"start":{"line":26,"column":6},"end":{"line":30,"column":7}},"20":{"start":{"line":26,"column":19},"end":{"line":26,"column":20}},"21":{"start":{"line":27,"column":8},"end":{"line":27,"column":32}},"22":{"start":{"line":28,"column":27},"end":{"line":28,"column":63}},"23":{"start":{"line":29,"column":8},"end":{"line":29,"column":39}},"24":{"start":{"line":31,"column":6},"end":{"line":31,"column":30}},"25":{"start":{"line":35,"column":24},"end":{"line":44,"column":3}},"26":{"start":{"line":36,"column":18},"end":{"line":36,"column":44}},"27":{"start":{"line":37,"column":4},"end":{"line":43,"column":5}},"28":{"start":{"line":38,"column":19},"end":{"line":38,"column":31}},"29":{"start":{"line":39,"column":23},"end":{"line":39,"column":69}},"30":{"start":{"line":39,"column":49},"end":{"line":39,"column":68}},"31":{"start":{"line":40,"column":6},"end":{"line":40,"column":34}},"32":{"start":{"line":42,"column":6},"end":{"line":42,"column":25}},"33":{"start":{"line":46,"column":20},"end":{"line":55,"column":3}},"34":{"start":{"line":47,"column":19},"end":{"line":47,"column":23}},"35":{"start":{"line":48,"column":4},"end":{"line":53,"column":5}},"36":{"start":{"line":48,"column":21},"end":{"line":48,"column":22}},"37":{"start":{"line":49,"column":19},"end":{"line":49,"column":35}},"38":{"start":{"line":50,"column":6},"end":{"line":52,"column":7}},"39":{"start":{"line":51,"column":8},"end":{"line":51,"column":25}},"40":{"start":{"line":54,"column":4},"end":{"line":54,"column":20}},"41":{"start":{"line":57,"column":2},"end":{"line":59,"column":4}}},"fnMap":{"0":{"name":"(anonymous_0)","decl":{"start":{"line":1,"column":23},"end":{"line":1,"column":24}},"loc":{"start":{"line":1,"column":29},"end":{"line":14,"column":1}},"line":1},"1":{"name":"(anonymous_1)","decl":{"start":{"line":2,"column":23},"end":{"line":2,"column":24}},"loc":{"start":{"line":2,"column":41},"end":{"line":2,"column":69}},"line":2},"2":{"name":"(anonymous_2)","decl":{"start":{"line":4,"column":29},"end":{"line":4,"column":30}},"loc":{"start":{"line":4,"column":60},"end":{"line":12,"column":3}},"line":4},"3":{"name":"(anonymous_3)","decl":{"start":{"line":16,"column":25},"end":{"line":16,"column":26}},"loc":{"start":{"line":16,"column":31},"end":{"line":60,"column":1}},"line":16},"4":{"name":"(anonymous_4)","decl":{"start":{"line":23,"column":18},"end":{"line":23,"column":19}},"loc":{"start":{"line":23,"column":42},"end":{"line":33,"column":3}},"line":23},"5":{"name":"(anonymous_5)","decl":{"start":{"line":35,"column":24},"end":{"line":35,"column":25}},"loc":{"start":{"line":35,"column":42},"end":{"line":44,"column":3}},"line":35},"6":{"name":"(anonymous_6)","decl":{"start":{"line":39,"column":39},"end":{"line":39,"column":40}},"loc":{"start":{"line":39,"column":49},"end":{"line":39,"column":68}},"line":39},"7":{"name":"(anonymous_7)","decl":{"start":{"line":46,"column":20},"end":{"line":46,"column":21}},"loc":{"start":{"line":46,"column":26},"end":{"line":55,"column":3}},"line":46}},"branchMap":{"0":{"loc":{"start":{"line":7,"column":6},"end":{"line":9,"column":7}},"type":"if","locations":[{"start":{"line":7,"column":6},"end":{"line":9,"column":7}},{"start":{},"end":{}}],"line":7},"1":{"loc":{"start":{"line":25,"column":4},"end":{"line":32,"column":5}},"type":"if","locations":[{"start":{"line":25,"column":4},"end":{"line":32,"column":5}},{"start":{},"end":{}}],"line":25},"2":{"loc":{"start":{"line":37,"column":4},"end":{"line":43,"column":5}},"type":"if","locations":[{"start":{"line":37,"column":4},"end":{"line":43,"column":5}},{"start":{"line":41,"column":11},"end":{"line":43,"column":5}}],"line":37},"3":{"loc":{"start":{"line":50,"column":6},"end":{"line":52,"column":7}},"type":"if","locations":[{"start":{"line":50,"column":6},"end":{"line":52,"column":7}},{"start":{},"end":{}}],"line":50}},"s":{"0":1,"1":1,"2":26,"3":1,"4":6,"5":6,"6":6,"7":12,"8":2,"9":6,"10":1,"11":1,"12":2,"13":2,"14":2,"15":2,"16":2,"17":6,"18":6,"19":5,"20":5,"21":10,"22":10,"23":10,"24":5,"25":2,"26":8,"27":8,"28":8,"29":8,"30":13,"31":8,"32":0,"33":2,"34":2,"35":2,"36":2,"37":5,"38":5,"39":1,"40":2,"41":2},"f":{"0":1,"1":26,"2":6,"3":2,"4":6,"5":8,"6":13,"7":2},"b":{"0":[2,10],"1":[5,1],"2":[8,0],"3":[1,4]},"_coverageSchema":"1a1c01bbd47fc00a2c39e90264f33305004495a9","hash":"f5771e957182faae1d1838904e8f52cfdc6924e0"}
,"/home/juli/battleship/src/ship.js": {"path":"/home/juli/battleship/src/ship.js","statementMap":{"0":{"start":{"line":1,"column":20},"end":{"line":22,"column":1}},"1":{"start":{"line":2,"column":20},"end":{"line":2,"column":22}},"2":{"start":{"line":3,"column":16},"end":{"line":3,"column":18}},"3":{"start":{"line":4,"column":2},"end":{"line":6,"column":3}},"4":{"start":{"line":4,"column":15},"end":{"line":4,"column":16}},"5":{"start":{"line":5,"column":4},"end":{"line":5,"column":22}},"6":{"start":{"line":7,"column":14},"end":{"line":9,"column":3}},"7":{"start":{"line":8,"column":4},"end":{"line":8,"column":34}},"8":{"start":{"line":11,"column":20},"end":{"line":11,"column":44}},"9":{"start":{"line":11,"column":31},"end":{"line":11,"column":44}},"10":{"start":{"line":13,"column":17},"end":{"line":18,"column":3}},"11":{"start":{"line":14,"column":4},"end":{"line":16,"column":5}},"12":{"start":{"line":15,"column":6},"end":{"line":15,"column":18}},"13":{"start":{"line":17,"column":4},"end":{"line":17,"column":17}},"14":{"start":{"line":19,"column":2},"end":{"line":21,"column":4}}},"fnMap":{"0":{"name":"(anonymous_0)","decl":{"start":{"line":1,"column":20},"end":{"line":1,"column":21}},"loc":{"start":{"line":1,"column":32},"end":{"line":22,"column":1}},"line":1},"1":{"name":"(anonymous_1)","decl":{"start":{"line":7,"column":14},"end":{"line":7,"column":15}},"loc":{"start":{"line":7,"column":28},"end":{"line":9,"column":3}},"line":7},"2":{"name":"(anonymous_2)","decl":{"start":{"line":11,"column":20},"end":{"line":11,"column":21}},"loc":{"start":{"line":11,"column":31},"end":{"line":11,"column":44}},"line":11},"3":{"name":"(anonymous_3)","decl":{"start":{"line":13,"column":17},"end":{"line":13,"column":18}},"loc":{"start":{"line":13,"column":23},"end":{"line":18,"column":3}},"line":13}},"branchMap":{"0":{"loc":{"start":{"line":14,"column":4},"end":{"line":16,"column":5}},"type":"if","locations":[{"start":{"line":14,"column":4},"end":{"line":16,"column":5}},{"start":{},"end":{}}],"line":14}},"s":{"0":1,"1":6,"2":6,"3":6,"4":6,"5":12,"6":6,"7":8,"8":6,"9":13,"10":6,"11":8,"12":6,"13":2,"14":6},"f":{"0":6,"1":8,"2":13,"3":8},"b":{"0":[6,2]},"_coverageSchema":"1a1c01bbd47fc00a2c39e90264f33305004495a9","hash":"74e0d5d33c37a725f8c8421db041a84f576ede39"}
}
