TN:
SF:src/factoryF/gameboard.js
FN:1,(anonymous_0)
FN:2,(anonymous_1)
FN:4,(anonymous_2)
FN:16,(anonymous_3)
FN:23,(anonymous_4)
FN:35,(anonymous_5)
FN:39,(anonymous_6)
FN:46,(anonymous_7)
FNF:8
FNH:8
FNDA:1,(anonymous_0)
FNDA:26,(anonymous_1)
FNDA:6,(anonymous_2)
FNDA:2,(anonymous_3)
FNDA:6,(anonymous_4)
FNDA:8,(anonymous_5)
FNDA:13,(anonymous_6)
FNDA:1,(anonymous_7)
DA:1,1
DA:2,26
DA:4,1
DA:5,6
DA:6,6
DA:7,12
DA:8,2
DA:11,6
DA:13,1
DA:16,1
DA:17,2
DA:18,2
DA:20,2
DA:21,2
DA:23,2
DA:24,6
DA:25,6
DA:26,5
DA:27,10
DA:28,10
DA:29,10
DA:31,5
DA:35,2
DA:36,8
DA:37,8
DA:38,8
DA:39,13
DA:40,8
DA:42,0
DA:46,2
DA:47,1
DA:48,1
DA:49,3
DA:50,3
DA:51,1
DA:54,1
DA:57,2
LF:37
LH:36
BRDA:7,0,0,2
BRDA:7,0,1,10
BRDA:25,1,0,5
BRDA:25,1,1,1
BRDA:37,2,0,8
BRDA:37,2,1,0
BRDA:50,3,0,1
BRDA:50,3,1,2
BRF:8
BRH:7
end_of_record
TN:
SF:src/factoryF/ship.js
FN:1,(anonymous_0)
FN:7,(anonymous_1)
FN:11,(anonymous_2)
FN:13,(anonymous_3)
FNF:4
FNH:4
FNDA:6,(anonymous_0)
FNDA:8,(anonymous_1)
FNDA:5,(anonymous_2)
FNDA:3,(anonymous_3)
DA:1,1
DA:2,6
DA:3,6
DA:4,6
DA:5,12
DA:7,6
DA:8,8
DA:11,6
DA:13,6
DA:14,3
DA:15,2
DA:17,1
DA:19,6
LF:13
LH:13
BRDA:14,0,0,2
BRDA:14,0,1,1
BRF:2
BRH:2
end_of_record
